1 138334208
1 138338304
1 138342400
1 138346496
1 138350592
1 138354688
1 138358784
1 138362880
1 138366976
1 138371072
0 1909128954
0 683339776
0 683343872
0 683347968
0 683352064
0 683356160
0 683360256
0 683364352
0 683368448
0 683372544
0 683376640
1 1896386560
1 1590480896
1 1590484992
1 1590489088
1 1590493184
1 1590497280
1 1590501376
1 1590505472
1 1590509568
1 1590513664
1 1590517760
0 1052941460
0 1228730368
0 1228734464
0 1228738560
0 1228742656
0 1228746752
0 1228750848
0 1228754944
0 1228759040
0 1228763136
0 1228767232
1 1606688768
1 1442529280
1 1442533376
1 1442537472
1 1442541568
1 1442545664
1 1442549760
1 1442553856
1 1442557952
1 1442562048
1 1442566144
0 1456344323
0 758411264
0 758415360
0 758419456
0 758423552
0 758427648
0 758431744
0 758435840
0 758439936
0 758444032
0 758448128
1 277360640
1 2131656704
1 2131660800
1 2131664896
1 2131668992
1 2131673088
1 2131677184
1 2131681280
1 2131685376
1 2131689472
1 2131693568
0 42162323
0 593068032
0 593072128
0 593076224
0 593080320
0 593084416
0 593088512
0 593092608
0 593096704
0 593100800
0 593104896
1 458944512
1 1437462528
1 1437466624
1 1437470720
1 1437474816
1 1437478912
1 1437483008
1 1437487104
1 1437491200
1 1437495296
1 1437499392
0 2041824190
0 1136119808
0 1136123904
0 1136128000
0 1136132096
0 1136136192
0 1136140288
0 1136144384
0 1136148480
0 1136152576
0 1136156672
1 1980084224
0 970307403
1 670928896
0 1649961634
1 6078464
0 1698256087
1 1967824896
0 48035498
1 1609871360
0 44770711
1 1436418048
0 1752212774
1 1264365568
0 1303833967
1 1629126656
0 220648403
1 11907072
0 1396926307
1 493580288
0 1878846956
1 2015457280
0 1078453891
1 571379712
0 1384231193
1 1862422528
0 1970612766
1 83709952
0 861763652
1 1640165376
0 1314649936
1 1858101248
0 185758304
1 785625088
0 559412495
1 1712353280
0 1128183429
1 1662005248
0 573438627
1 1327042560
0 1312643397
1 106401792
0 936206226
1 1091887104
0 1769976968
1 178061312
0 2024622475
1 17977344
0 604700872
1 1445564416
0 207554738
1 1879089152
0 2074896543
1 1514147840
0 1938769675
1 1965350912
0 1001360773
1 670056448
0 398869789
1 1613991936
0 418800974
1 2125312000
0 386402082
1 1631834112
0 1189806380
1 250179584
0 1274807071
1 1756381184
0 705480001
1 173027328
0 1287244347
1 1651060736
0 1658550016
1 1754411008
0 1617552014
1 498311168
0 1626205369
1 258928640
0 1453560034
1 1665138688
0 239983702
1 1502691328
0 1163287027
1 320970752
0 920352517
1 1378512896
0 1380647193
1 806432768
0 353051311
1 2023403520
0 1096362230
1 71811072
